<?xml version="1.0" encoding="UTF-8"?>
<coverage generated="1703691542872" clover="3.2.0">
  <project timestamp="1703691542872" name="All files">
    <metrics statements="109" coveredstatements="109" conditionals="61" coveredconditionals="61" methods="18" coveredmethods="18" elements="188" coveredelements="188" complexity="0" loc="109" ncloc="109" packages="3" files="7" classes="7"/>
    <package name="components">
      <metrics statements="35" coveredstatements="35" conditionals="26" coveredconditionals="26" methods="8" coveredmethods="8"/>
      <file name="access-control.tsx" path="D:\projects\pet-projects\react-role-access\src\components\access-control.tsx">
        <metrics statements="4" coveredstatements="4" conditionals="4" coveredconditionals="4" methods="1" coveredmethods="1"/>
        <line num="13" count="1" type="stmt"/>
        <line num="21" count="3" type="cond" truecount="3" falsecount="0"/>
        <line num="22" count="1" type="stmt"/>
        <line num="24" count="2" type="stmt"/>
      </file>
      <file name="protected-anchor.tsx" path="D:\projects\pet-projects\react-role-access\src\components\protected-anchor.tsx">
        <metrics statements="7" coveredstatements="7" conditionals="4" coveredconditionals="4" methods="2" coveredmethods="2"/>
        <line num="14" count="1" type="stmt"/>
        <line num="24" count="3" type="cond" truecount="2" falsecount="0"/>
        <line num="26" count="3" type="stmt"/>
        <line num="29" count="3" type="cond" truecount="1" falsecount="0"/>
        <line num="30" count="2" type="stmt"/>
        <line num="31" count="2" type="stmt"/>
        <line num="35" count="3" type="stmt"/>
      </file>
      <file name="protected-next-link.tsx" path="D:\projects\pet-projects\react-role-access\src\components\protected-next-link.tsx">
        <metrics statements="9" coveredstatements="9" conditionals="6" coveredconditionals="6" methods="2" coveredmethods="2"/>
        <line num="2" count="1" type="stmt"/>
        <line num="15" count="1" type="stmt"/>
        <line num="17" count="1" type="stmt"/>
        <line num="27" count="3" type="cond" truecount="2" falsecount="0"/>
        <line num="29" count="3" type="stmt"/>
        <line num="32" count="2" type="cond" truecount="1" falsecount="0"/>
        <line num="33" count="2" type="stmt"/>
        <line num="34" count="2" type="stmt"/>
        <line num="38" count="3" type="stmt"/>
      </file>
      <file name="protected-react-link.tsx" path="D:\projects\pet-projects\react-role-access\src\components\protected-react-link.tsx">
        <metrics statements="8" coveredstatements="8" conditionals="6" coveredconditionals="6" methods="2" coveredmethods="2"/>
        <line num="6" count="1" type="stmt"/>
        <line num="16" count="1" type="stmt"/>
        <line num="26" count="3" type="cond" truecount="2" falsecount="0"/>
        <line num="28" count="3" type="stmt"/>
        <line num="31" count="2" type="cond" truecount="1" falsecount="0"/>
        <line num="32" count="2" type="stmt"/>
        <line num="33" count="2" type="stmt"/>
        <line num="37" count="3" type="stmt"/>
      </file>
      <file name="protected-route.tsx" path="D:\projects\pet-projects\react-role-access\src\components\protected-route.tsx">
        <metrics statements="7" coveredstatements="7" conditionals="6" coveredconditionals="6" methods="1" coveredmethods="1"/>
        <line num="2" count="1" type="stmt"/>
        <line num="15" count="1" type="stmt"/>
        <line num="25" count="3" type="cond" truecount="2" falsecount="0"/>
        <line num="27" count="3" type="cond" truecount="3" falsecount="0"/>
        <line num="28" count="2" type="stmt"/>
        <line num="29" count="2" type="stmt"/>
        <line num="32" count="1" type="stmt"/>
      </file>
    </package>
    <package name="helpers">
      <metrics statements="4" coveredstatements="4" conditionals="2" coveredconditionals="2" methods="1" coveredmethods="1"/>
      <file name="rbac.ts" path="D:\projects\pet-projects\react-role-access\src\helpers\rbac.ts">
        <metrics statements="4" coveredstatements="4" conditionals="2" coveredconditionals="2" methods="1" coveredmethods="1"/>
        <line num="4" count="1" type="stmt"/>
        <line num="10" count="4" type="cond" truecount="1" falsecount="0"/>
        <line num="11" count="1" type="stmt"/>
        <line num="13" count="3" type="stmt"/>
      </file>
    </package>
    <package name="rbac">
      <metrics statements="70" coveredstatements="70" conditionals="33" coveredconditionals="33" methods="9" coveredmethods="9"/>
      <file name="index.ts" path="D:\projects\pet-projects\react-role-access\src\rbac\index.ts">
        <metrics statements="70" coveredstatements="70" conditionals="33" coveredconditionals="33" methods="9" coveredmethods="9"/>
        <line num="3" count="7" type="stmt"/>
        <line num="4" count="12" type="stmt"/>
        <line num="5" count="12" type="stmt"/>
        <line num="8" count="12" type="cond" truecount="1" falsecount="0"/>
        <line num="9" count="1" type="stmt"/>
        <line num="11" count="11" type="cond" truecount="1" falsecount="0"/>
        <line num="12" count="4" type="stmt"/>
        <line num="13" count="2" type="stmt"/>
        <line num="15" count="8" type="stmt"/>
        <line num="16" count="8" type="cond" truecount="2" falsecount="0"/>
        <line num="19" count="12" type="stmt"/>
        <line num="20" count="31" type="stmt"/>
        <line num="21" count="31" type="cond" truecount="2" falsecount="0"/>
        <line num="24" count="12" type="stmt"/>
        <line num="25" count="14" type="cond" truecount="2" falsecount="0"/>
        <line num="26" count="14" type="stmt"/>
        <line num="27" count="5" type="cond" truecount="1" falsecount="0"/>
        <line num="31" count="3" type="stmt"/>
        <line num="34" count="11" type="stmt"/>
        <line num="37" count="12" type="stmt"/>
        <line num="38" count="4" type="stmt"/>
        <line num="39" count="5" type="cond" truecount="1" falsecount="0"/>
        <line num="40" count="1" type="stmt"/>
        <line num="42" count="4" type="stmt"/>
        <line num="43" count="4" type="cond" truecount="1" falsecount="0"/>
        <line num="44" count="1" type="stmt"/>
        <line num="50" count="12" type="stmt"/>
        <line num="51" count="5" type="stmt"/>
        <line num="52" count="7" type="stmt"/>
        <line num="53" count="8" type="cond" truecount="1" falsecount="0"/>
        <line num="54" count="5" type="stmt"/>
        <line num="56" count="3" type="stmt"/>
        <line num="57" count="3" type="cond" truecount="1" falsecount="0"/>
        <line num="58" count="2" type="stmt"/>
        <line num="67" count="12" type="stmt"/>
        <line num="72" count="29" type="cond" truecount="1" falsecount="0"/>
        <line num="73" count="1" type="stmt"/>
        <line num="76" count="28" type="cond" truecount="1" falsecount="0"/>
        <line num="77" count="2" type="stmt"/>
        <line num="80" count="26" type="stmt"/>
        <line num="82" count="26" type="cond" truecount="3" falsecount="0"/>
        <line num="83" count="12" type="stmt"/>
        <line num="86" count="14" type="stmt"/>
        <line num="89" count="12" type="stmt"/>
        <line num="90" count="4" type="cond" truecount="2" falsecount="0"/>
        <line num="91" count="4" type="stmt"/>
        <line num="92" count="5" type="cond" truecount="1" falsecount="0"/>
        <line num="93" count="1" type="stmt"/>
        <line num="95" count="4" type="stmt"/>
        <line num="99" count="12" type="stmt"/>
        <line num="103" count="7" type="cond" truecount="1" falsecount="0"/>
        <line num="104" count="1" type="stmt"/>
        <line num="106" count="6" type="cond" truecount="2" falsecount="0"/>
        <line num="107" count="6" type="stmt"/>
        <line num="108" count="7" type="cond" truecount="1" falsecount="0"/>
        <line num="109" count="1" type="stmt"/>
        <line num="111" count="6" type="stmt"/>
        <line num="115" count="12" type="stmt"/>
        <line num="116" count="6" type="cond" truecount="1" falsecount="0"/>
        <line num="117" count="1" type="stmt"/>
        <line num="119" count="5" type="cond" truecount="1" falsecount="0"/>
        <line num="120" count="1" type="stmt"/>
        <line num="123" count="4" type="stmt"/>
        <line num="125" count="4" type="cond" truecount="2" falsecount="0"/>
        <line num="126" count="2" type="stmt"/>
        <line num="128" count="2" type="cond" truecount="1" falsecount="0"/>
        <line num="129" count="1" type="stmt"/>
        <line num="131" count="1" type="stmt"/>
        <line num="134" count="3" type="stmt"/>
        <line num="135" count="2" type="stmt"/>
      </file>
    </package>
  </project>
</coverage>
