{"D:\\projects\\pet-projects\\react-role-access\\src\\components\\access-control.tsx": {"path":"D:\\projects\\pet-projects\\react-role-access\\src\\components\\access-control.tsx","statementMap":{"0":{"start":{"line":13,"column":72},"end":{"line":25,"column":1}},"1":{"start":{"line":21,"column":2},"end":{"line":23,"column":3}},"2":{"start":{"line":22,"column":4},"end":{"line":22,"column":20}},"3":{"start":{"line":24,"column":2},"end":{"line":24,"column":18}},"4":{"start":{"line":13,"column":13},"end":{"line":13,"column":72}}},"fnMap":{"0":{"name":"(anonymous_0)","decl":{"start":{"line":13,"column":72},"end":{"line":13,"column":73}},"loc":{"start":{"line":20,"column":5},"end":{"line":25,"column":1}}}},"branchMap":{"0":{"loc":{"start":{"line":19,"column":2},"end":{"line":19,"column":26}},"type":"default-arg","locations":[{"start":{"line":19,"column":22},"end":{"line":19,"column":26}}]},"1":{"loc":{"start":{"line":21,"column":2},"end":{"line":23,"column":3}},"type":"if","locations":[{"start":{"line":21,"column":2},"end":{"line":23,"column":3}}]},"2":{"loc":{"start":{"line":21,"column":6},"end":{"line":21,"column":65}},"type":"binary-expr","locations":[{"start":{"line":21,"column":6},"end":{"line":21,"column":44}},{"start":{"line":21,"column":48},"end":{"line":21,"column":65}}]}},"s":{"0":1,"1":3,"2":1,"3":2,"4":1},"f":{"0":3},"b":{"0":[2],"1":[1],"2":[3,2]}}
,"D:\\projects\\pet-projects\\react-role-access\\src\\components\\protected-anchor.tsx": {"path":"D:\\projects\\pet-projects\\react-role-access\\src\\components\\protected-anchor.tsx","statementMap":{"0":{"start":{"line":14,"column":71},"end":{"line":40,"column":1}},"1":{"start":{"line":24,"column":4},"end":{"line":24,"column":63}},"2":{"start":{"line":26,"column":22},"end":{"line":33,"column":3}},"3":{"start":{"line":29,"column":4},"end":{"line":32,"column":5}},"4":{"start":{"line":30,"column":6},"end":{"line":30,"column":29}},"5":{"start":{"line":31,"column":6},"end":{"line":31,"column":23}},"6":{"start":{"line":35,"column":2},"end":{"line":39,"column":4}},"7":{"start":{"line":14,"column":13},"end":{"line":14,"column":71}}},"fnMap":{"0":{"name":"(anonymous_0)","decl":{"start":{"line":14,"column":71},"end":{"line":14,"column":72}},"loc":{"start":{"line":22,"column":5},"end":{"line":40,"column":1}}},"1":{"name":"(anonymous_1)","decl":{"start":{"line":26,"column":22},"end":{"line":26,"column":null}},"loc":{"start":{"line":28,"column":6},"end":{"line":33,"column":3}}}},"branchMap":{"0":{"loc":{"start":{"line":20,"column":2},"end":{"line":20,"column":26}},"type":"default-arg","locations":[{"start":{"line":20,"column":22},"end":{"line":20,"column":26}}]},"1":{"loc":{"start":{"line":24,"column":4},"end":{"line":24,"column":63}},"type":"binary-expr","locations":[{"start":{"line":24,"column":4},"end":{"line":24,"column":21}},{"start":{"line":24,"column":25},"end":{"line":24,"column":63}}]},"2":{"loc":{"start":{"line":29,"column":4},"end":{"line":32,"column":5}},"type":"if","locations":[{"start":{"line":29,"column":4},"end":{"line":32,"column":5}}]}},"s":{"0":1,"1":3,"2":3,"3":3,"4":2,"5":2,"6":3,"7":1},"f":{"0":3,"1":3},"b":{"0":[2],"1":[3,2],"2":[2]}}
,"D:\\projects\\pet-projects\\react-role-access\\src\\components\\protected-next-link.tsx": {"path":"D:\\projects\\pet-projects\\react-role-access\\src\\components\\protected-next-link.tsx","statementMap":{"0":{"start":{"line":2,"column":0},"end":{"line":2,"column":29}},"1":{"start":{"line":17,"column":4},"end":{"line":43,"column":1}},"2":{"start":{"line":27,"column":4},"end":{"line":27,"column":63}},"3":{"start":{"line":29,"column":22},"end":{"line":36,"column":3}},"4":{"start":{"line":32,"column":4},"end":{"line":35,"column":5}},"5":{"start":{"line":33,"column":6},"end":{"line":33,"column":29}},"6":{"start":{"line":34,"column":6},"end":{"line":34,"column":23}},"7":{"start":{"line":38,"column":2},"end":{"line":42,"column":4}},"8":{"start":{"line":15,"column":13},"end":{"line":15,"column":null}}},"fnMap":{"0":{"name":"(anonymous_0)","decl":{"start":{"line":17,"column":4},"end":{"line":17,"column":5}},"loc":{"start":{"line":25,"column":5},"end":{"line":43,"column":1}}},"1":{"name":"(anonymous_1)","decl":{"start":{"line":29,"column":22},"end":{"line":29,"column":null}},"loc":{"start":{"line":31,"column":6},"end":{"line":36,"column":3}}}},"branchMap":{"0":{"loc":{"start":{"line":23,"column":2},"end":{"line":23,"column":26}},"type":"default-arg","locations":[{"start":{"line":23,"column":22},"end":{"line":23,"column":26}}]},"1":{"loc":{"start":{"line":27,"column":4},"end":{"line":27,"column":63}},"type":"binary-expr","locations":[{"start":{"line":27,"column":4},"end":{"line":27,"column":21}},{"start":{"line":27,"column":25},"end":{"line":27,"column":63}}]},"2":{"loc":{"start":{"line":32,"column":4},"end":{"line":35,"column":5}},"type":"if","locations":[{"start":{"line":32,"column":4},"end":{"line":35,"column":5}}]},"3":{"loc":{"start":{"line":39,"column":29},"end":{"line":39,"column":66}},"type":"cond-expr","locations":[{"start":{"line":39,"column":43},"end":{"line":39,"column":52}},{"start":{"line":39,"column":55},"end":{"line":39,"column":66}}]}},"s":{"0":1,"1":1,"2":3,"3":3,"4":2,"5":2,"6":2,"7":3,"8":1},"f":{"0":3,"1":2},"b":{"0":[2],"1":[3,2],"2":[2],"3":[1,2]}}
,"D:\\projects\\pet-projects\\react-role-access\\src\\components\\protected-react-link.tsx": {"path":"D:\\projects\\pet-projects\\react-role-access\\src\\components\\protected-react-link.tsx","statementMap":{"0":{"start":{"line":6,"column":0},"end":{"line":6,"column":40}},"1":{"start":{"line":16,"column":63},"end":{"line":42,"column":1}},"2":{"start":{"line":26,"column":4},"end":{"line":26,"column":63}},"3":{"start":{"line":28,"column":22},"end":{"line":35,"column":3}},"4":{"start":{"line":31,"column":4},"end":{"line":34,"column":5}},"5":{"start":{"line":32,"column":6},"end":{"line":32,"column":29}},"6":{"start":{"line":33,"column":6},"end":{"line":33,"column":23}},"7":{"start":{"line":37,"column":2},"end":{"line":41,"column":4}},"8":{"start":{"line":16,"column":13},"end":{"line":16,"column":63}}},"fnMap":{"0":{"name":"(anonymous_0)","decl":{"start":{"line":16,"column":63},"end":{"line":16,"column":64}},"loc":{"start":{"line":24,"column":5},"end":{"line":42,"column":1}}},"1":{"name":"(anonymous_1)","decl":{"start":{"line":28,"column":22},"end":{"line":28,"column":null}},"loc":{"start":{"line":30,"column":6},"end":{"line":35,"column":3}}}},"branchMap":{"0":{"loc":{"start":{"line":22,"column":2},"end":{"line":22,"column":26}},"type":"default-arg","locations":[{"start":{"line":22,"column":22},"end":{"line":22,"column":26}}]},"1":{"loc":{"start":{"line":26,"column":4},"end":{"line":26,"column":63}},"type":"binary-expr","locations":[{"start":{"line":26,"column":4},"end":{"line":26,"column":21}},{"start":{"line":26,"column":25},"end":{"line":26,"column":63}}]},"2":{"loc":{"start":{"line":31,"column":4},"end":{"line":34,"column":5}},"type":"if","locations":[{"start":{"line":31,"column":4},"end":{"line":34,"column":5}}]},"3":{"loc":{"start":{"line":38,"column":29},"end":{"line":38,"column":66}},"type":"cond-expr","locations":[{"start":{"line":38,"column":43},"end":{"line":38,"column":52}},{"start":{"line":38,"column":55},"end":{"line":38,"column":66}}]}},"s":{"0":1,"1":1,"2":3,"3":3,"4":2,"5":2,"6":2,"7":3,"8":1},"f":{"0":3,"1":2},"b":{"0":[2],"1":[3,2],"2":[2],"3":[1,2]}}
,"D:\\projects\\pet-projects\\react-role-access\\src\\components\\protected-route.tsx": {"path":"D:\\projects\\pet-projects\\react-role-access\\src\\components\\protected-route.tsx","statementMap":{"0":{"start":{"line":2,"column":0},"end":{"line":2,"column":44}},"1":{"start":{"line":15,"column":74},"end":{"line":33,"column":1}},"2":{"start":{"line":25,"column":4},"end":{"line":25,"column":63}},"3":{"start":{"line":27,"column":2},"end":{"line":30,"column":3}},"4":{"start":{"line":28,"column":4},"end":{"line":28,"column":33}},"5":{"start":{"line":29,"column":4},"end":{"line":29,"column":42}},"6":{"start":{"line":32,"column":2},"end":{"line":32,"column":18}},"7":{"start":{"line":15,"column":13},"end":{"line":15,"column":74}}},"fnMap":{"0":{"name":"(anonymous_0)","decl":{"start":{"line":15,"column":74},"end":{"line":15,"column":75}},"loc":{"start":{"line":23,"column":5},"end":{"line":33,"column":1}}}},"branchMap":{"0":{"loc":{"start":{"line":20,"column":2},"end":{"line":20,"column":26}},"type":"default-arg","locations":[{"start":{"line":20,"column":22},"end":{"line":20,"column":26}}]},"1":{"loc":{"start":{"line":25,"column":4},"end":{"line":25,"column":63}},"type":"binary-expr","locations":[{"start":{"line":25,"column":4},"end":{"line":25,"column":21}},{"start":{"line":25,"column":25},"end":{"line":25,"column":63}}]},"2":{"loc":{"start":{"line":27,"column":2},"end":{"line":30,"column":3}},"type":"if","locations":[{"start":{"line":27,"column":2},"end":{"line":30,"column":3}}]},"3":{"loc":{"start":{"line":27,"column":6},"end":{"line":27,"column":36}},"type":"binary-expr","locations":[{"start":{"line":27,"column":6},"end":{"line":27,"column":18}},{"start":{"line":27,"column":22},"end":{"line":27,"column":36}}]}},"s":{"0":1,"1":1,"2":3,"3":3,"4":2,"5":2,"6":1,"7":1},"f":{"0":3},"b":{"0":[2],"1":[3,2],"2":[2],"3":[3,2]}}
,"D:\\projects\\pet-projects\\react-role-access\\src\\helpers\\rbac.ts": {"path":"D:\\projects\\pet-projects\\react-role-access\\src\\helpers\\rbac.ts","statementMap":{"0":{"start":{"line":4,"column":28},"end":{"line":14,"column":1}},"1":{"start":{"line":10,"column":2},"end":{"line":12,"column":3}},"2":{"start":{"line":11,"column":4},"end":{"line":11,"column":17}},"3":{"start":{"line":13,"column":2},"end":{"line":13,"column":48}},"4":{"start":{"line":4,"column":13},"end":{"line":4,"column":28}}},"fnMap":{"0":{"name":"(anonymous_0)","decl":{"start":{"line":4,"column":28},"end":{"line":4,"column":null}},"loc":{"start":{"line":9,"column":13},"end":{"line":14,"column":1}}}},"branchMap":{"0":{"loc":{"start":{"line":8,"column":2},"end":{"line":8,"column":26}},"type":"default-arg","locations":[{"start":{"line":8,"column":22},"end":{"line":8,"column":26}}]},"1":{"loc":{"start":{"line":10,"column":2},"end":{"line":12,"column":3}},"type":"if","locations":[{"start":{"line":10,"column":2},"end":{"line":12,"column":3}}]}},"s":{"0":1,"1":4,"2":1,"3":3,"4":1},"f":{"0":4},"b":{"0":[3],"1":[1]}}
,"D:\\projects\\pet-projects\\react-role-access\\src\\rbac\\index.ts": {"path":"D:\\projects\\pet-projects\\react-role-access\\src\\rbac\\index.ts","statementMap":{"0":{"start":{"line":4,"column":2},"end":{"line":4,"column":15}},"1":{"start":{"line":5,"column":2},"end":{"line":5,"column":33}},"2":{"start":{"line":15,"column":10},"end":{"line":18,"column":null}},"3":{"start":{"line":16,"column":28},"end":{"line":16,"column":44}},"4":{"start":{"line":17,"column":4},"end":{"line":17,"column":69}},"5":{"start":{"line":20,"column":10},"end":{"line":31,"column":null}},"6":{"start":{"line":21,"column":23},"end":{"line":21,"column":56}},"7":{"start":{"line":22,"column":4},"end":{"line":29,"column":5}},"8":{"start":{"line":23,"column":6},"end":{"line":28,"column":7}},"9":{"start":{"line":27,"column":8},"end":{"line":27,"column":20}},"10":{"start":{"line":30,"column":4},"end":{"line":30,"column":17}},"11":{"start":{"line":33,"column":9},"end":{"line":53,"column":null}},"12":{"start":{"line":38,"column":4},"end":{"line":40,"column":5}},"13":{"start":{"line":39,"column":6},"end":{"line":39,"column":19}},"14":{"start":{"line":42,"column":4},"end":{"line":44,"column":5}},"15":{"start":{"line":43,"column":6},"end":{"line":43,"column":19}},"16":{"start":{"line":46,"column":28},"end":{"line":46,"column":64}},"17":{"start":{"line":48,"column":4},"end":{"line":50,"column":5}},"18":{"start":{"line":49,"column":6},"end":{"line":49,"column":52}},"19":{"start":{"line":52,"column":4},"end":{"line":52,"column":27}},"20":{"start":{"line":55,"column":9},"end":{"line":63,"column":null}},"21":{"start":{"line":56,"column":18},"end":{"line":56,"column":53}},"22":{"start":{"line":57,"column":4},"end":{"line":62,"column":5}},"23":{"start":{"line":58,"column":6},"end":{"line":60,"column":7}},"24":{"start":{"line":59,"column":8},"end":{"line":59,"column":52}},"25":{"start":{"line":61,"column":6},"end":{"line":61,"column":25}},"26":{"start":{"line":65,"column":9},"end":{"line":79,"column":null}},"27":{"start":{"line":69,"column":4},"end":{"line":71,"column":5}},"28":{"start":{"line":70,"column":6},"end":{"line":70,"column":53}},"29":{"start":{"line":72,"column":24},"end":{"line":72,"column":77}},"30":{"start":{"line":73,"column":4},"end":{"line":78,"column":5}},"31":{"start":{"line":74,"column":6},"end":{"line":76,"column":7}},"32":{"start":{"line":75,"column":8},"end":{"line":75,"column":75}},"33":{"start":{"line":77,"column":6},"end":{"line":77,"column":31}},"34":{"start":{"line":8,"column":4},"end":{"line":10,"column":5}},"35":{"start":{"line":9,"column":6},"end":{"line":9,"column":55}},"36":{"start":{"line":11,"column":4},"end":{"line":11,"column":22}},"37":{"start":{"line":12,"column":4},"end":{"line":12,"column":40}},"38":{"start":{"line":3,"column":0},"end":{"line":3,"column":13}}},"fnMap":{"0":{"name":"(anonymous_2)","decl":{"start":{"line":7,"column":2},"end":{"line":7,"column":14}},"loc":{"start":{"line":7,"column":56},"end":{"line":13,"column":3}}},"1":{"name":"(anonymous_3)","decl":{"start":{"line":15,"column":26},"end":{"line":15,"column":27}},"loc":{"start":{"line":15,"column":74},"end":{"line":18,"column":3}}},"2":{"name":"(anonymous_4)","decl":{"start":{"line":20,"column":28},"end":{"line":20,"column":29}},"loc":{"start":{"line":20,"column":76},"end":{"line":31,"column":3}}},"3":{"name":"(anonymous_5)","decl":{"start":{"line":33,"column":27},"end":{"line":33,"column":null}},"loc":{"start":{"line":37,"column":15},"end":{"line":53,"column":3}}},"4":{"name":"(anonymous_6)","decl":{"start":{"line":55,"column":19},"end":{"line":55,"column":20}},"loc":{"start":{"line":55,"column":49},"end":{"line":63,"column":3}}},"5":{"name":"(anonymous_7)","decl":{"start":{"line":65,"column":31},"end":{"line":65,"column":null}},"loc":{"start":{"line":68,"column":12},"end":{"line":79,"column":3}}}},"branchMap":{"0":{"loc":{"start":{"line":17,"column":11},"end":{"line":17,"column":68}},"type":"binary-expr","locations":[{"start":{"line":17,"column":11},"end":{"line":17,"column":28}},{"start":{"line":17,"column":32},"end":{"line":17,"column":68}}]},"1":{"loc":{"start":{"line":21,"column":23},"end":{"line":21,"column":56}},"type":"binary-expr","locations":[{"start":{"line":21,"column":23},"end":{"line":21,"column":50}},{"start":{"line":21,"column":54},"end":{"line":21,"column":56}}]},"2":{"loc":{"start":{"line":23,"column":6},"end":{"line":28,"column":7}},"type":"if","locations":[{"start":{"line":23,"column":6},"end":{"line":28,"column":7}}]},"3":{"loc":{"start":{"line":24,"column":8},"end":{"line":25,"column":51}},"type":"binary-expr","locations":[{"start":{"line":24,"column":8},"end":{"line":24,"column":49}},{"start":{"line":25,"column":8},"end":{"line":25,"column":51}}]},"4":{"loc":{"start":{"line":36,"column":4},"end":{"line":36,"column":28}},"type":"default-arg","locations":[{"start":{"line":36,"column":24},"end":{"line":36,"column":28}}]},"5":{"loc":{"start":{"line":38,"column":4},"end":{"line":40,"column":5}},"type":"if","locations":[{"start":{"line":38,"column":4},"end":{"line":40,"column":5}}]},"6":{"loc":{"start":{"line":42,"column":4},"end":{"line":44,"column":5}},"type":"if","locations":[{"start":{"line":42,"column":4},"end":{"line":44,"column":5}}]},"7":{"loc":{"start":{"line":48,"column":4},"end":{"line":50,"column":5}},"type":"if","locations":[{"start":{"line":48,"column":4},"end":{"line":50,"column":5}}]},"8":{"loc":{"start":{"line":48,"column":8},"end":{"line":48,"column":47}},"type":"binary-expr","locations":[{"start":{"line":48,"column":8},"end":{"line":48,"column":27}},{"start":{"line":48,"column":31},"end":{"line":48,"column":47}}]},"9":{"loc":{"start":{"line":56,"column":18},"end":{"line":56,"column":53}},"type":"cond-expr","locations":[{"start":{"line":56,"column":40},"end":{"line":56,"column":44}},{"start":{"line":56,"column":47},"end":{"line":56,"column":53}}]},"10":{"loc":{"start":{"line":58,"column":6},"end":{"line":60,"column":7}},"type":"if","locations":[{"start":{"line":58,"column":6},"end":{"line":60,"column":7}}]},"11":{"loc":{"start":{"line":69,"column":4},"end":{"line":71,"column":5}},"type":"if","locations":[{"start":{"line":69,"column":4},"end":{"line":71,"column":5}}]},"12":{"loc":{"start":{"line":72,"column":24},"end":{"line":72,"column":77}},"type":"cond-expr","locations":[{"start":{"line":72,"column":52},"end":{"line":72,"column":62}},{"start":{"line":72,"column":65},"end":{"line":72,"column":77}}]},"13":{"loc":{"start":{"line":74,"column":6},"end":{"line":76,"column":7}},"type":"if","locations":[{"start":{"line":74,"column":6},"end":{"line":76,"column":7}}]},"14":{"loc":{"start":{"line":8,"column":4},"end":{"line":10,"column":5}},"type":"if","locations":[{"start":{"line":8,"column":4},"end":{"line":10,"column":5}}]}},"s":{"0":9,"1":9,"2":9,"3":26,"4":26,"5":9,"6":4,"7":4,"8":2,"9":1,"10":3,"11":9,"12":27,"13":1,"14":26,"15":2,"16":24,"17":24,"18":3,"19":21,"20":9,"21":3,"22":3,"23":4,"24":1,"25":3,"26":9,"27":6,"28":1,"29":5,"30":5,"31":6,"32":1,"33":5,"34":9,"35":1,"36":8,"37":8,"38":7},"f":{"0":9,"1":26,"2":4,"3":27,"4":3,"5":6},"b":{"0":[26,26],"1":[4,2],"2":[1],"3":[2,1],"4":[26],"5":[1],"6":[2],"7":[3],"8":[24,8],"9":[1,2],"10":[1],"11":[1],"12":[1,4],"13":[1],"14":[1]}}
}
