TN:
SF:src\components\access-control.tsx
FN:13,(anonymous_0)
FNF:1
FNH:1
FNDA:3,(anonymous_0)
DA:13,1
DA:21,3
DA:22,1
DA:24,2
LF:4
LH:4
BRDA:19,0,0,2
BRDA:21,1,0,1
BRDA:21,2,0,3
BRDA:21,2,1,2
BRF:4
BRH:4
end_of_record
TN:
SF:src\components\protected-anchor.tsx
FN:14,(anonymous_0)
FN:26,(anonymous_1)
FNF:2
FNH:2
FNDA:3,(anonymous_0)
FNDA:3,(anonymous_1)
DA:14,1
DA:24,3
DA:26,3
DA:29,3
DA:30,2
DA:31,2
DA:35,3
LF:7
LH:7
BRDA:20,0,0,2
BRDA:24,1,0,3
BRDA:24,1,1,2
BRDA:29,2,0,2
BRF:4
BRH:4
end_of_record
TN:
SF:src\components\protected-next-link.tsx
FN:17,(anonymous_0)
FN:29,(anonymous_1)
FNF:2
FNH:2
FNDA:3,(anonymous_0)
FNDA:2,(anonymous_1)
DA:2,1
DA:15,1
DA:17,1
DA:27,3
DA:29,3
DA:32,2
DA:33,2
DA:34,2
DA:38,3
LF:9
LH:9
BRDA:23,0,0,2
BRDA:27,1,0,3
BRDA:27,1,1,2
BRDA:32,2,0,2
BRDA:39,3,0,1
BRDA:39,3,1,2
BRF:6
BRH:6
end_of_record
TN:
SF:src\components\protected-react-link.tsx
FN:16,(anonymous_0)
FN:28,(anonymous_1)
FNF:2
FNH:2
FNDA:3,(anonymous_0)
FNDA:2,(anonymous_1)
DA:6,1
DA:16,1
DA:26,3
DA:28,3
DA:31,2
DA:32,2
DA:33,2
DA:37,3
LF:8
LH:8
BRDA:22,0,0,2
BRDA:26,1,0,3
BRDA:26,1,1,2
BRDA:31,2,0,2
BRDA:38,3,0,1
BRDA:38,3,1,2
BRF:6
BRH:6
end_of_record
TN:
SF:src\components\protected-route.tsx
FN:15,(anonymous_0)
FNF:1
FNH:1
FNDA:3,(anonymous_0)
DA:2,1
DA:15,1
DA:25,3
DA:27,3
DA:28,2
DA:29,2
DA:32,1
LF:7
LH:7
BRDA:20,0,0,2
BRDA:25,1,0,3
BRDA:25,1,1,2
BRDA:27,2,0,2
BRDA:27,3,0,3
BRDA:27,3,1,2
BRF:6
BRH:6
end_of_record
TN:
SF:src\helpers\rbac.ts
FN:4,(anonymous_0)
FNF:1
FNH:1
FNDA:4,(anonymous_0)
DA:4,1
DA:10,4
DA:11,1
DA:13,3
LF:4
LH:4
BRDA:8,0,0,3
BRDA:10,1,0,1
BRF:2
BRH:2
end_of_record
TN:
SF:src\rbac\index.ts
FN:7,(anonymous_2)
FN:15,(anonymous_3)
FN:20,(anonymous_4)
FN:33,(anonymous_5)
FN:55,(anonymous_6)
FN:65,(anonymous_7)
FNF:6
FNH:6
FNDA:9,(anonymous_2)
FNDA:26,(anonymous_3)
FNDA:4,(anonymous_4)
FNDA:27,(anonymous_5)
FNDA:3,(anonymous_6)
FNDA:6,(anonymous_7)
DA:3,7
DA:4,9
DA:5,9
DA:8,9
DA:9,1
DA:11,8
DA:12,8
DA:15,9
DA:16,26
DA:17,26
DA:20,9
DA:21,4
DA:22,4
DA:23,2
DA:27,1
DA:30,3
DA:33,9
DA:38,27
DA:39,1
DA:42,26
DA:43,2
DA:46,24
DA:48,24
DA:49,3
DA:52,21
DA:55,9
DA:56,3
DA:57,3
DA:58,4
DA:59,1
DA:61,3
DA:65,9
DA:69,6
DA:70,1
DA:72,5
DA:73,5
DA:74,6
DA:75,1
DA:77,5
LF:39
LH:39
BRDA:17,0,0,26
BRDA:17,0,1,26
BRDA:21,1,0,4
BRDA:21,1,1,2
BRDA:23,2,0,1
BRDA:24,3,0,2
BRDA:24,3,1,1
BRDA:36,4,0,26
BRDA:38,5,0,1
BRDA:42,6,0,2
BRDA:48,7,0,3
BRDA:48,8,0,24
BRDA:48,8,1,8
BRDA:56,9,0,1
BRDA:56,9,1,2
BRDA:58,10,0,1
BRDA:69,11,0,1
BRDA:72,12,0,1
BRDA:72,12,1,4
BRDA:74,13,0,1
BRDA:8,14,0,1
BRF:21
BRH:21
end_of_record
